WARNING:absl:Tensorflow library not found, tensorflow.io.gfile operations will use native shim calls. GCS paths (i.e. 'gs://...') cannot be accessed.
2025-12-18 06:55:54.358735: W external/xla/xla/service/gpu/nvptx_compiler.cc:765] The NVIDIA driver's CUDA version is 12.2 which is older than the ptxas CUDA version (12.9.86). Because the driver is older than the ptxas version, XLA is disabling parallel compilation, which may slow down compilation. You should update your NVIDIA driver or use the NVIDIA-provided CUDA forward compatibility packages.
Could not load symbol cuFuncGetName. Error: /lib/x86_64-linux-gnu/libcuda.so.1: undefined symbol: cuFuncGetName
======================================================================
Starting 2-ply TD(0) training
Steps: 50000, Batch size: 256, Eval batch: 2048
======================================================================

⚠️  WARNING: First run will trigger JAX JIT compilation.
   This can take 5-30 minutes. Please be patient...
   You'll see 'Compiling...' messages if JAX is compiling.

Initializing first game...
Starting training loop (first action selection will trigger compilation)...
======================================================================

[Step 1] First action selection (JIT compilation may take 5-30 min)...
    Evaluating 63864 states in 32 batches...
[Step 1] ✓ First action completed! Training will be faster now.

    Evaluating 625237 states in 306 batches...
    Evaluating 88880 states in 44 batches...
    Evaluating 1303515 states in 637 batches...
    Evaluating 277165 states in 136 batches...
    Evaluating 40584 states in 20 batches...
    Evaluating 300130 states in 147 batches...

[Step 10] Selecting action with 2-ply search...
    Evaluating 303606 states in 149 batches...
[Step 10] ✓ Action selected

======================================================================
PROGRESS UPDATE - Step 10/50000
======================================================================
  Loss: 0.000000
  Elapsed time: 1.3 minutes (0.02 hours)
  Training rate: 0.1253 steps/second
  Estimated time remaining: 110.8 hours (6649.0 minutes)
  Progress: 0.02%
======================================================================

    Evaluating 93249 states in 46 batches...
    Evaluating 24869 states in 13 batches...
    Evaluating 3132068 states in 1530 batches...
    Evaluating 49142 states in 24 batches...
    Evaluating 20654 states in 11 batches...
    Evaluating 556494 states in 272 batches...
    Evaluating 27723 states in 14 batches...

[Step 20] Selecting action with 2-ply search...
    Evaluating 478992 states in 234 batches...
[Step 20] ✓ Action selected

======================================================================
PROGRESS UPDATE - Step 20/50000
======================================================================
  Loss: 0.000000
  Elapsed time: 3.1 minutes (0.05 hours)
  Training rate: 0.1076 steps/second
  Estimated time remaining: 129.1 hours (7743.2 minutes)
  Progress: 0.04%
======================================================================

    Evaluating 199095 states in 98 batches...

[Step 30] Selecting action with 2-ply search...
    Evaluating 76348 states in 38 batches...
[Step 30] ✓ Action selected

======================================================================
PROGRESS UPDATE - Step 30/50000
======================================================================
  Loss: 0.000000
  Elapsed time: 3.3 minutes (0.06 hours)
  Training rate: 0.1501 steps/second
  Estimated time remaining: 92.5 hours (5549.0 minutes)
  Progress: 0.06%
======================================================================

    Evaluating 34608 states in 17 batches...
    Evaluating 70929 states in 35 batches...
    Evaluating 74886 states in 37 batches...
    Evaluating 52378 states in 26 batches...
    Evaluating 45922 states in 23 batches...
    Evaluating 33780 states in 17 batches...

[Step 40] Selecting action with 2-ply search...
    Evaluating 34096 states in 17 batches...
[Step 40] ✓ Action selected

======================================================================
PROGRESS UPDATE - Step 40/50000
======================================================================
  Loss: 0.000000
  Elapsed time: 3.6 minutes (0.06 hours)
  Training rate: 0.1861 steps/second
  Estimated time remaining: 74.6 hours (4475.1 minutes)
  Progress: 0.08%
======================================================================

    Evaluating 24053 states in 12 batches...
    Evaluating 60473 states in 30 batches...

[Step 50] Selecting action with 2-ply search...
    Evaluating 308420 states in 151 batches...
[Step 50] ✓ Action selected

======================================================================
PROGRESS UPDATE - Step 50/50000
======================================================================
  Loss: 0.000000
  Elapsed time: 3.8 minutes (0.06 hours)
  Training rate: 0.2184 steps/second
  Estimated time remaining: 63.5 hours (3811.3 minutes)
  Progress: 0.10%
======================================================================

    Evaluating 331348 states in 162 batches...
    Evaluating 80708 states in 40 batches...
    Evaluating 24768 states in 13 batches...
    Evaluating 30335 states in 15 batches...

[Step 60] Selecting action with 2-ply search...
[Step 60] ✓ Action selected

======================================================================
PROGRESS UPDATE - Step 60/50000
======================================================================
  Loss: 0.000000
  Elapsed time: 4.1 minutes (0.07 hours)
  Training rate: 0.2415 steps/second
  Estimated time remaining: 57.4 hours (3446.4 minutes)
  Progress: 0.12%
======================================================================

    Evaluating 85568 states in 42 batches...
    Evaluating 33893 states in 17 batches...
    Evaluating 42420 states in 21 batches...
    Evaluating 35586 states in 18 batches...

[Step 70] Selecting action with 2-ply search...
[Step 70] ✓ Action selected

======================================================================
PROGRESS UPDATE - Step 70/50000
======================================================================
  Loss: 0.000000
  Elapsed time: 4.3 minutes (0.07 hours)
  Training rate: 0.2706 steps/second
  Estimated time remaining: 51.2 hours (3074.9 minutes)
  Progress: 0.14%
======================================================================

    Evaluating 36751 states in 18 batches...
    Evaluating 37725 states in 19 batches...
    Evaluating 60500 states in 30 batches...

[Step 80] Selecting action with 2-ply search...
[Step 80] ✓ Action selected

======================================================================
PROGRESS UPDATE - Step 80/50000
======================================================================
  Loss: 0.000000
  Elapsed time: 4.5 minutes (0.08 hours)
  Training rate: 0.2950 steps/second
  Estimated time remaining: 47.0 hours (2820.8 minutes)
  Progress: 0.16%
======================================================================

    Evaluating 30814 states in 16 batches...

[Step 90] Selecting action with 2-ply search...
[Step 90] ✓ Action selected

======================================================================
PROGRESS UPDATE - Step 90/50000
======================================================================
  Loss: 0.000000
  Elapsed time: 4.7 minutes (0.08 hours)
  Training rate: 0.3213 steps/second
  Estimated time remaining: 43.1 hours (2588.9 minutes)
  Progress: 0.18%
======================================================================

    Evaluating 68254 states in 34 batches...
    Evaluating 28158 states in 14 batches...
    Evaluating 46992 states in 23 batches...

[Step 100] Selecting action with 2-ply search...
[Step 100] ✓ Action selected

======================================================================
PROGRESS UPDATE - Step 100/50000
======================================================================
  Loss: 0.000000
  Elapsed time: 4.8 minutes (0.08 hours)
  Training rate: 0.3444 steps/second
  Estimated time remaining: 40.2 hours (2414.7 minutes)
  Progress: 0.20%
======================================================================

    Evaluating 114533 states in 56 batches...
    Evaluating 156948 states in 77 batches...
    Evaluating 20636 states in 11 batches...
    Evaluating 283587 states in 139 batches...

[Step 110] Selecting action with 2-ply search...
    Evaluating 72341 states in 36 batches...
[Step 110] ✓ Action selected

======================================================================
PROGRESS UPDATE - Step 110/50000
======================================================================
  Loss: 0.000000
  Elapsed time: 5.2 minutes (0.09 hours)
  Training rate: 0.3539 steps/second
  Estimated time remaining: 39.2 hours (2349.6 minutes)
  Progress: 0.22%
======================================================================

    Evaluating 247960 states in 122 batches...
    Evaluating 39401 states in 20 batches...
    Evaluating 213676 states in 105 batches...

[Step 120] Selecting action with 2-ply search...
[Step 120] ✓ Action selected

======================================================================
PROGRESS UPDATE - Step 120/50000
======================================================================
  Loss: 0.000000
  Elapsed time: 5.5 minutes (0.09 hours)
  Training rate: 0.3654 steps/second
  Estimated time remaining: 37.9 hours (2275.2 minutes)
  Progress: 0.24%
======================================================================

    Evaluating 22901 states in 12 batches...
    Evaluating 903628 states in 442 batches...
    Evaluating 28131 states in 14 batches...
    Evaluating 37444 states in 19 batches...
    Evaluating 182118 states in 89 batches...
    Evaluating 21061 states in 11 batches...

[Step 130] Selecting action with 2-ply search...
[Step 130] ✓ Action selected

======================================================================
PROGRESS UPDATE - Step 130/50000
======================================================================
  Loss: 0.000000
  Elapsed time: 6.1 minutes (0.10 hours)
  Training rate: 0.3576 steps/second
  Estimated time remaining: 38.7 hours (2324.1 minutes)
  Progress: 0.26%
======================================================================

    Evaluating 216594 states in 106 batches...
    Evaluating 27082 states in 14 batches...
    Evaluating 6185208 states in 3021 batches...
    Evaluating 69659 states in 35 batches...
    Evaluating 2906152 states in 1420 batches...

[Step 140] Selecting action with 2-ply search...
[Step 140] ✓ Action selected

======================================================================
PROGRESS UPDATE - Step 140/50000
======================================================================
  Loss: 0.000000
  Elapsed time: 9.8 minutes (0.16 hours)
  Training rate: 0.2387 steps/second
  Estimated time remaining: 58.0 hours (3481.2 minutes)
  Progress: 0.28%
======================================================================

    Evaluating 171702 states in 84 batches...
    Evaluating 64324 states in 32 batches...
    Evaluating 25641 states in 13 batches...

[Step 150] Selecting action with 2-ply search...
[Step 150] ✓ Action selected

======================================================================
PROGRESS UPDATE - Step 150/50000
======================================================================
  Loss: 0.000000
  Elapsed time: 10.0 minutes (0.17 hours)
  Training rate: 0.2507 steps/second
  Estimated time remaining: 55.2 hours (3314.6 minutes)
  Progress: 0.30%
======================================================================

    Evaluating 20540 states in 11 batches...
    Evaluating 102204 states in 50 batches...

[Step 160] Selecting action with 2-ply search...
    Evaluating 50575 states in 25 batches...
[Step 160] ✓ Action selected

======================================================================
PROGRESS UPDATE - Step 160/50000
======================================================================
  Loss: 0.000000
  Elapsed time: 10.2 minutes (0.17 hours)
  Training rate: 0.2623 steps/second
  Estimated time remaining: 52.8 hours (3166.4 minutes)
  Progress: 0.32%
======================================================================

    Evaluating 212085 states in 104 batches...
    Evaluating 241178 states in 118 batches...
    Evaluating 175149 states in 86 batches...
    Evaluating 383202 states in 188 batches...
    Evaluating 94510 states in 47 batches...
    Evaluating 39496 states in 20 batches...
    Evaluating 29365 states in 15 batches...

[Step 170] Selecting action with 2-ply search...
    Evaluating 23241 states in 12 batches...
[Step 170] ✓ Action selected

======================================================================
PROGRESS UPDATE - Step 170/50000
======================================================================
  Loss: 0.000000
  Elapsed time: 10.7 minutes (0.18 hours)
  Training rate: 0.2645 steps/second
  Estimated time remaining: 52.3 hours (3139.4 minutes)
  Progress: 0.34%
======================================================================

    Evaluating 52039 states in 26 batches...
    Evaluating 34148 states in 17 batches...
    Evaluating 277135 states in 136 batches...
    Evaluating 90534 states in 45 batches...
    Evaluating 275649 states in 135 batches...

[Step 180] Selecting action with 2-ply search...
    Evaluating 24904 states in 13 batches...
[Step 180] ✓ Action selected

======================================================================
PROGRESS UPDATE - Step 180/50000
======================================================================
  Loss: 0.000000
  Elapsed time: 11.1 minutes (0.19 hours)
  Training rate: 0.2701 steps/second
  Estimated time remaining: 51.2 hours (3074.2 minutes)
  Progress: 0.36%
======================================================================

    Evaluating 3755792 states in 1834 batches...
    Evaluating 2738098 states in 1337 batches...
    Evaluating 22110 states in 11 batches...
    Evaluating 627430 states in 307 batches...
    Evaluating 56022 states in 28 batches...

[Step 190] Selecting action with 2-ply search...
    Evaluating 53372 states in 27 batches...
[Step 190] ✓ Action selected

======================================================================
PROGRESS UPDATE - Step 190/50000
======================================================================
  Loss: 0.000000
  Elapsed time: 14.1 minutes (0.23 hours)
  Training rate: 0.2254 steps/second
  Estimated time remaining: 61.4 hours (3683.9 minutes)
  Progress: 0.38%
======================================================================

    Evaluating 41236 states in 21 batches...
    Evaluating 1785156 states in 872 batches...
    Evaluating 160191 states in 79 batches...
    Evaluating 100035 states in 49 batches...
    Evaluating 1698814 states in 830 batches...
    Evaluating 53243 states in 26 batches...
    Evaluating 96058 states in 47 batches...

[Step 200] Selecting action with 2-ply search...
[Step 200] ✓ Action selected

======================================================================
PROGRESS UPDATE - Step 200/50000
======================================================================
  Loss: 0.000000
  Elapsed time: 15.6 minutes (0.26 hours)
  Training rate: 0.2130 steps/second
  Estimated time remaining: 64.9 hours (3896.5 minutes)
  Progress: 0.40%
======================================================================

    Evaluating 66481 states in 33 batches...
    Evaluating 42901 states in 21 batches...
    Evaluating 35955 states in 18 batches...
    Evaluating 23675 states in 12 batches...
    Evaluating 219418 states in 108 batches...
    Evaluating 92571 states in 46 batches...
    Evaluating 60424 states in 30 batches...

[Step 210] Selecting action with 2-ply search...
[Step 210] ✓ Action selected

======================================================================
PROGRESS UPDATE - Step 210/50000
======================================================================
  Loss: 0.000000
  Elapsed time: 16.0 minutes (0.27 hours)
  Training rate: 0.2190 steps/second
  Estimated time remaining: 63.2 hours (3789.2 minutes)
  Progress: 0.42%
======================================================================

    Evaluating 33450 states in 17 batches...
    Evaluating 87408 states in 43 batches...
    Evaluating 469221 states in 230 batches...
    Evaluating 145995 states in 72 batches...
    Evaluating 50380 states in 25 batches...

[Step 220] Selecting action with 2-ply search...
    Evaluating 73752 states in 37 batches...
[Step 220] ✓ Action selected

======================================================================
PROGRESS UPDATE - Step 220/50000
======================================================================
  Loss: 0.000000
  Elapsed time: 16.4 minutes (0.27 hours)
  Training rate: 0.2229 steps/second
  Estimated time remaining: 62.0 hours (3721.4 minutes)
  Progress: 0.44%
======================================================================

    Evaluating 98910 states in 49 batches...
    Evaluating 43976 states in 22 batches...
    Evaluating 398898 states in 195 batches...
    Evaluating 73464 states in 36 batches...
    Evaluating 26166 states in 13 batches...
    Evaluating 31264 states in 16 batches...

[Step 230] Selecting action with 2-ply search...
[Step 230] ✓ Action selected

======================================================================
PROGRESS UPDATE - Step 230/50000
======================================================================
  Loss: 0.000000
  Elapsed time: 16.9 minutes (0.28 hours)
  Training rate: 0.2274 steps/second
  Estimated time remaining: 60.8 hours (3647.2 minutes)
  Progress: 0.46%
======================================================================

    Evaluating 38009 states in 19 batches...

[Step 240] Selecting action with 2-ply search...
    Evaluating 31655 states in 16 batches...
[Step 240] ✓ Action selected

======================================================================
PROGRESS UPDATE - Step 240/50000
======================================================================
  Loss: 0.000000
  Elapsed time: 17.0 minutes (0.28 hours)
  Training rate: 0.2357 steps/second
  Estimated time remaining: 58.6 hours (3518.4 minutes)
  Progress: 0.48%
======================================================================

    Evaluating 28118 states in 14 batches...
    Evaluating 26736 states in 14 batches...
    Evaluating 2177040 states in 1064 batches...
    Evaluating 1341709 states in 656 batches...
    Evaluating 509537 states in 249 batches...
    Evaluating 181357 states in 89 batches...
    Evaluating 105961 states in 52 batches...

[Step 250] Selecting action with 2-ply search...
[Step 250] ✓ Action selected

======================================================================
PROGRESS UPDATE - Step 250/50000
======================================================================
  Loss: 0.000000
  Elapsed time: 18.7 minutes (0.31 hours)
  Training rate: 0.2225 steps/second
  Estimated time remaining: 62.1 hours (3725.8 minutes)
  Progress: 0.50%
======================================================================

    Evaluating 32750 states in 16 batches...

[Step 260] Selecting action with 2-ply search...
    Evaluating 876656 states in 429 batches...
[Step 260] ✓ Action selected

======================================================================
PROGRESS UPDATE - Step 260/50000
======================================================================
  Loss: 2.973198
  Elapsed time: 19.3 minutes (0.32 hours)
  Training rate: 0.2247 steps/second
  Estimated time remaining: 61.5 hours (3689.9 minutes)
  Progress: 0.52%
======================================================================

    Evaluating 87524 states in 43 batches...
    Evaluating 103780 states in 51 batches...
    Evaluating 102176 states in 50 batches...

[Step 270] Selecting action with 2-ply search...
    Evaluating 33917 states in 17 batches...
[Step 270] ✓ Action selected

======================================================================
PROGRESS UPDATE - Step 270/50000
======================================================================
  Loss: 2.973198
  Elapsed time: 19.5 minutes (0.33 hours)
  Training rate: 0.2305 steps/second
  Estimated time remaining: 59.9 hours (3596.0 minutes)
  Progress: 0.54%
======================================================================

    Evaluating 30663 states in 15 batches...
    Evaluating 84086 states in 42 batches...
    Evaluating 28180 states in 14 batches...
    Evaluating 130697 states in 64 batches...
    Evaluating 26192 states in 13 batches...

[Step 280] Selecting action with 2-ply search...
[Step 280] ✓ Action selected

======================================================================
PROGRESS UPDATE - Step 280/50000
======================================================================
  Loss: 2.973198
  Elapsed time: 19.8 minutes (0.33 hours)
  Training rate: 0.2360 steps/second
  Estimated time remaining: 58.5 hours (3511.6 minutes)
  Progress: 0.56%
======================================================================

    Evaluating 58906 states in 29 batches...

[Step 290] Selecting action with 2-ply search...
[Step 290] ✓ Action selected

======================================================================
PROGRESS UPDATE - Step 290/50000
======================================================================
  Loss: 2.973198
  Elapsed time: 19.9 minutes (0.33 hours)
  Training rate: 0.2430 steps/second
  Estimated time remaining: 56.8 hours (3409.4 minutes)
  Progress: 0.58%
======================================================================

    Evaluating 87300 states in 43 batches...
    Evaluating 266086 states in 130 batches...
    Evaluating 64625 states in 32 batches...
    Evaluating 30919 states in 16 batches...
    Evaluating 32090 states in 16 batches...

[Step 300] Selecting action with 2-ply search...
[Step 300] ✓ Action selected

======================================================================
PROGRESS UPDATE - Step 300/50000
======================================================================
  Loss: 2.973198
  Elapsed time: 20.2 minutes (0.34 hours)
  Training rate: 0.2478 steps/second
  Estimated time remaining: 55.7 hours (3342.9 minutes)
  Progress: 0.60%
======================================================================


[Step 310] Selecting action with 2-ply search...
[Step 310] ✓ Action selected

======================================================================
PROGRESS UPDATE - Step 310/50000
======================================================================
  Loss: 2.973198
  Elapsed time: 20.3 minutes (0.34 hours)
  Training rate: 0.2545 steps/second
  Estimated time remaining: 54.2 hours (3253.9 minutes)
  Progress: 0.62%
======================================================================


[Step 320] Selecting action with 2-ply search...
[Step 320] ✓ Action selected

======================================================================
PROGRESS UPDATE - Step 320/50000
======================================================================
  Loss: 2.973198
  Elapsed time: 20.4 minutes (0.34 hours)
  Training rate: 0.2616 steps/second
  Estimated time remaining: 52.8 hours (3165.6 minutes)
  Progress: 0.64%
======================================================================


[Step 330] Selecting action with 2-ply search...
    Evaluating 63864 states in 32 batches...
[Step 330] ✓ Action selected

======================================================================
PROGRESS UPDATE - Step 330/50000
======================================================================
  Loss: 2.973198
  Elapsed time: 20.5 minutes (0.34 hours)
  Training rate: 0.2689 steps/second
  Estimated time remaining: 51.3 hours (3078.7 minutes)
  Progress: 0.66%
======================================================================

    Evaluating 59207 states in 29 batches...
    Evaluating 61646 states in 31 batches...
    Evaluating 689195 states in 337 batches...
    Evaluating 158193 states in 78 batches...
    Evaluating 156340 states in 77 batches...
    Evaluating 301736 states in 148 batches...
    Evaluating 30478 states in 15 batches...

[Step 340] Selecting action with 2-ply search...
    Evaluating 113108 states in 56 batches...
[Step 340] ✓ Action selected

======================================================================
PROGRESS UPDATE - Step 340/50000
======================================================================
  Loss: 2.973198
  Elapsed time: 21.2 minutes (0.35 hours)
  Training rate: 0.2678 steps/second
  Estimated time remaining: 51.5 hours (3090.5 minutes)
  Progress: 0.68%
======================================================================

    Evaluating 536474 states in 262 batches...
    Evaluating 79567 states in 39 batches...
    Evaluating 187006 states in 92 batches...
    Evaluating 302549 states in 148 batches...
    Evaluating 28085 states in 14 batches...
    Evaluating 306427 states in 150 batches...
    Evaluating 331423 states in 162 batches...
    Evaluating 44573 states in 22 batches...

[Step 350] Selecting action with 2-ply search...
    Evaluating 139642 states in 69 batches...
[Step 350] ✓ Action selected

======================================================================
PROGRESS UPDATE - Step 350/50000
======================================================================
  Loss: 2.973198
  Elapsed time: 22.0 minutes (0.37 hours)
  Training rate: 0.2657 steps/second
  Estimated time remaining: 51.9 hours (3114.0 minutes)
  Progress: 0.70%
======================================================================

    Evaluating 61818 states in 31 batches...
    Evaluating 80859 states in 40 batches...
    Evaluating 197732 states in 97 batches...

[Step 360] Selecting action with 2-ply search...
[Step 360] ✓ Action selected

======================================================================
PROGRESS UPDATE - Step 360/50000
======================================================================
  Loss: 2.973198
  Elapsed time: 22.2 minutes (0.37 hours)
  Training rate: 0.2705 steps/second
  Estimated time remaining: 51.0 hours (3058.7 minutes)
  Progress: 0.72%
======================================================================

    Evaluating 781492 states in 382 batches...

[Step 370] Selecting action with 2-ply search...
[Step 370] ✓ Action selected

======================================================================
PROGRESS UPDATE - Step 370/50000
======================================================================
  Loss: 2.973198
  Elapsed time: 22.6 minutes (0.38 hours)
  Training rate: 0.2734 steps/second
  Estimated time remaining: 50.4 hours (3025.8 minutes)
  Progress: 0.74%
======================================================================

    Evaluating 20676 states in 11 batches...
    Evaluating 171018 states in 84 batches...
    Evaluating 259015 states in 127 batches...
    Evaluating 108400 states in 53 batches...

[Step 380] Selecting action with 2-ply search...
[Step 380] ✓ Action selected

======================================================================
PROGRESS UPDATE - Step 380/50000
======================================================================
  Loss: 2.973198
  Elapsed time: 23.0 minutes (0.38 hours)
  Training rate: 0.2758 steps/second
  Estimated time remaining: 50.0 hours (2998.6 minutes)
  Progress: 0.76%
======================================================================

    Evaluating 54666 states in 27 batches...
    Evaluating 21431 states in 11 batches...

[Step 390] Selecting action with 2-ply search...
[Step 390] ✓ Action selected

======================================================================
PROGRESS UPDATE - Step 390/50000
======================================================================
  Loss: 2.973198
  Elapsed time: 23.1 minutes (0.39 hours)
  Training rate: 0.2813 steps/second
  Estimated time remaining: 49.0 hours (2938.8 minutes)
  Progress: 0.78%
======================================================================


[Step 400] Selecting action with 2-ply search...
[Step 400] ✓ Action selected

======================================================================
PROGRESS UPDATE - Step 400/50000
======================================================================
  Loss: 2.973198
  Elapsed time: 23.2 minutes (0.39 hours)
  Training rate: 0.2871 steps/second
  Estimated time remaining: 48.0 hours (2879.6 minutes)
  Progress: 0.80%
======================================================================

    Evaluating 1753685 states in 857 batches...
    Evaluating 112886 states in 56 batches...

[Step 410] Selecting action with 2-ply search...
    Evaluating 38085 states in 19 batches...
[Step 410] ✓ Action selected

======================================================================
PROGRESS UPDATE - Step 410/50000
======================================================================
  Loss: 2.973198
  Elapsed time: 24.0 minutes (0.40 hours)
  Training rate: 0.2849 steps/second
  Estimated time remaining: 48.4 hours (2901.2 minutes)
  Progress: 0.82%
======================================================================

    Evaluating 71299 states in 35 batches...
    Evaluating 31330 states in 16 batches...
    Evaluating 1340340 states in 655 batches...
    Evaluating 25314 states in 13 batches...
    Evaluating 38301 states in 19 batches...
    Evaluating 329030 states in 161 batches...
    Evaluating 29222 states in 15 batches...

[Step 420] Selecting action with 2-ply search...
    Evaluating 319699 states in 157 batches...
[Step 420] ✓ Action selected

======================================================================
PROGRESS UPDATE - Step 420/50000
======================================================================
  Loss: 2.973198
  Elapsed time: 24.9 minutes (0.41 hours)
  Training rate: 0.2816 steps/second
  Estimated time remaining: 48.9 hours (2934.5 minutes)
  Progress: 0.84%
======================================================================

    Evaluating 45151 states in 23 batches...
    Evaluating 536505 states in 262 batches...
    Evaluating 131294 states in 65 batches...
    Evaluating 148856 states in 73 batches...
    Evaluating 26012 states in 13 batches...

[Step 430] Selecting action with 2-ply search...
[Step 430] ✓ Action selected

======================================================================
PROGRESS UPDATE - Step 430/50000
======================================================================
  Loss: 2.973198
  Elapsed time: 25.3 minutes (0.42 hours)
  Training rate: 0.2836 steps/second
  Estimated time remaining: 48.6 hours (2913.6 minutes)
  Progress: 0.86%
======================================================================

    Evaluating 23844 states in 12 batches...
    Evaluating 212866 states in 104 batches...
    Evaluating 85463 states in 42 batches...
    Evaluating 71560 states in 35 batches...
    Evaluating 22876 states in 12 batches...
    Evaluating 171364 states in 84 batches...

[Step 440] Selecting action with 2-ply search...
    Evaluating 65528 states in 32 batches...
[Step 440] ✓ Action selected

======================================================================
PROGRESS UPDATE - Step 440/50000
======================================================================
  Loss: 2.973198
  Elapsed time: 25.6 minutes (0.43 hours)
  Training rate: 0.2862 steps/second
  Estimated time remaining: 48.1 hours (2886.4 minutes)
  Progress: 0.88%
======================================================================

    Evaluating 141690 states in 70 batches...
    Evaluating 24313 states in 12 batches...
    Evaluating 55995 states in 28 batches...
    Evaluating 243369 states in 119 batches...
    Evaluating 72700 states in 36 batches...
    Evaluating 38794 states in 19 batches...

[Step 450] Selecting action with 2-ply search...
[Step 450] ✓ Action selected

======================================================================
PROGRESS UPDATE - Step 450/50000
======================================================================
  Loss: 2.973198
  Elapsed time: 25.9 minutes (0.43 hours)
  Training rate: 0.2895 steps/second
  Estimated time remaining: 47.6 hours (2853.1 minutes)
  Progress: 0.90%
======================================================================

    Evaluating 38088 states in 19 batches...
    Evaluating 222389 states in 109 batches...
    Evaluating 418646 states in 205 batches...
    Evaluating 79200 states in 39 batches...
    Evaluating 75975 states in 38 batches...
    Evaluating 323843 states in 159 batches...
    Evaluating 153474 states in 75 batches...

[Step 460] Selecting action with 2-ply search...
    Evaluating 243356 states in 119 batches...
[Step 460] ✓ Action selected

======================================================================
PROGRESS UPDATE - Step 460/50000
======================================================================
  Loss: 2.973198
  Elapsed time: 26.6 minutes (0.44 hours)
  Training rate: 0.2887 steps/second
  Estimated time remaining: 47.7 hours (2860.4 minutes)
  Progress: 0.92%
======================================================================

    Evaluating 131598 states in 65 batches...
    Evaluating 29527 states in 15 batches...
    Evaluating 25390 states in 13 batches...
    Evaluating 1061891 states in 519 batches...
    Evaluating 130207 states in 64 batches...
    Evaluating 25385 states in 13 batches...
    Evaluating 236209 states in 116 batches...
    Evaluating 87789 states in 43 batches...

[Step 470] Selecting action with 2-ply search...
    Evaluating 135966 states in 67 batches...
[Step 470] ✓ Action selected

======================================================================
PROGRESS UPDATE - Step 470/50000
======================================================================
  Loss: 2.973198
  Elapsed time: 27.4 minutes (0.46 hours)
  Training rate: 0.2860 steps/second
  Estimated time remaining: 48.1 hours (2886.8 minutes)
  Progress: 0.94%
======================================================================

    Evaluating 27892 states in 14 batches...
    Evaluating 39192 states in 20 batches...
    Evaluating 69606 states in 34 batches...
    Evaluating 43198 states in 22 batches...
    Evaluating 98763 states in 49 batches...
    Evaluating 77520 states in 38 batches...
    Evaluating 1116749 states in 546 batches...
    Evaluating 87156 states in 43 batches...

[Step 480] Selecting action with 2-ply search...
    Evaluating 159816 states in 79 batches...
[Step 480] ✓ Action selected

======================================================================
PROGRESS UPDATE - Step 480/50000
======================================================================
  Loss: 2.973198
  Elapsed time: 28.2 minutes (0.47 hours)
  Training rate: 0.2838 steps/second
  Estimated time remaining: 48.5 hours (2908.1 minutes)
  Progress: 0.96%
======================================================================

    Evaluating 1879297 states in 918 batches...
    Evaluating 533124 states in 261 batches...
    Evaluating 41125 states in 21 batches...
    Evaluating 937635 states in 458 batches...
    Evaluating 121114 states in 60 batches...
    Evaluating 29543 states in 15 batches...

[Step 490] Selecting action with 2-ply search...
    Evaluating 121378 states in 60 batches...
[Step 490] ✓ Action selected

======================================================================
PROGRESS UPDATE - Step 490/50000
======================================================================
  Loss: 2.973198
  Elapsed time: 29.6 minutes (0.49 hours)
  Training rate: 0.2755 steps/second
  Estimated time remaining: 49.9 hours (2995.3 minutes)
  Progress: 0.98%
======================================================================

    Evaluating 1236248 states in 604 batches...
    Evaluating 89991 states in 44 batches...
    Evaluating 36286 states in 18 batches...
    Evaluating 95278 states in 47 batches...
    Evaluating 26907 states in 14 batches...
    Evaluating 276258 states in 135 batches...
    Evaluating 24200 states in 12 batches...

[Step 500] Selecting action with 2-ply search...
    Evaluating 132228 states in 65 batches...
[Step 500] ✓ Action selected

======================================================================
PROGRESS UPDATE - Step 500/50000
======================================================================
  Loss: 2.973198
  Elapsed time: 30.4 minutes (0.51 hours)
  Training rate: 0.2738 steps/second
  Estimated time remaining: 50.2 hours (3012.7 minutes)
  Progress: 1.00%
======================================================================

    Evaluating 230026 states in 113 batches...
    Evaluating 138538 states in 68 batches...
    Evaluating 33984 states in 17 batches...
    Evaluating 48018 states in 24 batches...
    Evaluating 226010 states in 111 batches...
    Evaluating 195190 states in 96 batches...
    Evaluating 31406 states in 16 batches...

[Step 510] Selecting action with 2-ply search...
    Evaluating 186424 states in 92 batches...
[Step 510] ✓ Action selected

======================================================================
PROGRESS UPDATE - Step 510/50000
======================================================================
  Loss: 2.973198
  Elapsed time: 30.9 minutes (0.52 hours)
  Training rate: 0.2749 steps/second
  Estimated time remaining: 50.0 hours (3000.2 minutes)
  Progress: 1.02%
======================================================================

    Evaluating 44368 states in 22 batches...
    Evaluating 137491 states in 68 batches...
    Evaluating 2767370 states in 1352 batches...
    Evaluating 117828 states in 58 batches...
    Evaluating 123216 states in 61 batches...
